<?xml version="1.0" encoding="UTF-8"?>
<!-- Generated by org.testng.reporters.JUnitReportReporter -->
<testsuite skipped="0" hostname="IM-LP-727" name="com.cloudleaf.webautomation.BrowserOpenTest" tests="1" failures="0" timestamp="08 Sep 2017 10:32:36 GMT" time="10.754" errors="0">
  <testcase name="open" time="10.754" classname="com.cloudleaf.webautomation.BrowserOpenTest"/>
</testsuite> <!-- com.cloudleaf.webautomation.BrowserOpenTest -->
