<?xml version="1.0" encoding="UTF-8"?>
<!-- Generated by org.testng.reporters.JUnitReportReporter -->
<testsuite skipped="0" hostname="IM-LP-727" name="com.cloudleaf.webautomation.CloudLeaf_TenantCreation" tests="2" failures="0" timestamp="01 Sep 2017 11:16:45 GMT" time="74.428" errors="0">
  <testcase name="createTenanat" time="47.097" classname="com.cloudleaf.webautomation.CloudLeaf_TenantCreation"/>
  <testcase name="addUser" time="27.331" classname="com.cloudleaf.webautomation.CloudLeaf_TenantCreation"/>
</testsuite> <!-- com.cloudleaf.webautomation.CloudLeaf_TenantCreation -->
