<?xml version="1.0" encoding="UTF-8"?>
<!-- Generated by org.testng.reporters.JUnitReportReporter -->
<testsuite hostname="IM-LP-186" name="com.cloudleaf.webautomation.CLCompleteFlow" tests="1" failures="0" timestamp="2 Jun 2017 09:51:13 GMT" time="99.123" errors="0">
  <testcase name="CloudLeafLogin" time="99.123" classname="com.cloudleaf.webautomation.CLCompleteFlow"/>
</testsuite> <!-- com.cloudleaf.webautomation.CLCompleteFlow -->
