<?xml version="1.0" encoding="UTF-8"?>
<!-- Generated by org.testng.reporters.JUnitReportReporter -->
<testsuite skipped="0" hostname="IM-LP-727" name="com.cloudleaf.webautomation.ReadExcel" tests="3" failures="0" timestamp="30 Aug 2017 13:35:52 GMT" time="0.031" errors="0">
  <testcase name="tenantFlow" time="0.009" classname="com.cloudleaf.webautomation.ReadExcel"/>
  <testcase name="tenantFlow" time="0.007" classname="com.cloudleaf.webautomation.ReadExcel"/>
  <testcase name="tenantFlow" time="0.015" classname="com.cloudleaf.webautomation.ReadExcel"/>
</testsuite> <!-- com.cloudleaf.webautomation.ReadExcel -->
