<?xml version="1.0" encoding="UTF-8"?>
<!-- Generated by org.testng.reporters.JUnitReportReporter -->
<testsuite hostname="IM-LP-727" name="com.cloudleaf.webautomation.SampleTestSafari2" tests="1" failures="0" timestamp="7 Aug 2017 12:15:13 GMT" time="25.733" errors="0">
  <testcase name="test" time="25.733" classname="com.cloudleaf.webautomation.SampleTestSafari2"/>
</testsuite> <!-- com.cloudleaf.webautomation.SampleTestSafari2 -->
