<?xml version="1.0" encoding="UTF-8"?>
<!-- Generated by org.testng.reporters.JUnitReportReporter -->
<testsuite hostname="IM-LP-186" name="com.cloudleaf.webautomation.GoogleTest" tests="3" failures="0" timestamp="2 Jun 2017 11:53:56 GMT" time="92.637" errors="0">
  <testcase name="openinChrome" time="18.316" classname="com.cloudleaf.webautomation.GoogleTest"/>
  <testcase name="openinIE" time="57.142" classname="com.cloudleaf.webautomation.GoogleTest"/>
  <testcase name="openinFirefox" time="17.179" classname="com.cloudleaf.webautomation.GoogleTest"/>
</testsuite> <!-- com.cloudleaf.webautomation.GoogleTest -->
