<?xml version="1.0" encoding="UTF-8"?>
<!-- Generated by org.testng.reporters.JUnitReportReporter -->
<testsuite hostname="IM-LP-727" name="com.cloudleaf.webautomation.SalesForceTest2" tests="1" failures="0" timestamp="31 Jul 2017 06:03:12 GMT" time="96.615" errors="0">
  <testcase name="salesForceTest" time="96.615" classname="com.cloudleaf.webautomation.SalesForceTest2"/>
</testsuite> <!-- com.cloudleaf.webautomation.SalesForceTest2 -->
