<?xml version="1.0" encoding="UTF-8"?>
<!-- Generated by org.testng.reporters.JUnitReportReporter -->
<testsuite hostname="IM-LP-727" name="com.cloudleaf.webautomation.JSClickExample" tests="1" failures="0" timestamp="29 Jul 2017 17:00:05 GMT" time="13.148" errors="0">
  <testcase name="testClickJS" time="13.148" classname="com.cloudleaf.webautomation.JSClickExample"/>
</testsuite> <!-- com.cloudleaf.webautomation.JSClickExample -->
