<?xml version="1.0" encoding="UTF-8"?>
<!-- Generated by org.testng.reporters.JUnitReportReporter -->
<testsuite skipped="0" hostname="IM-LP-727" name="com.cloudleaf.webautomation.CloudLeafFinalFlowModified" tests="1" failures="0" timestamp="18 Sep 2017 11:24:02 GMT" time="159.553" errors="0">
  <testcase name="CloudLeafCompleteFlow" time="159.553" classname="com.cloudleaf.webautomation.CloudLeafFinalFlowModified"/>
</testsuite> <!-- com.cloudleaf.webautomation.CloudLeafFinalFlowModified -->
