<?xml version="1.0" encoding="UTF-8"?>
<!-- Generated by org.testng.reporters.JUnitReportReporter -->
<testsuite hostname="IM-LP-727" name="com.cloudleaf.webautomation.SampleTest" tests="1" failures="0" timestamp="20 Jul 2017 06:13:29 GMT" time="29.822" errors="0">
  <testcase name="test" time="29.822" classname="com.cloudleaf.webautomation.SampleTest"/>
</testsuite> <!-- com.cloudleaf.webautomation.SampleTest -->
